<?xml version="1.0" encoding="UTF-8"?>
<!-- Generated by org.testng.reporters.JUnitXMLReporter -->
<testsuite hostname="XE-TMAC-AMITKUMAR1" ignored="0" name="Regression suite 1" tests="4" failures="0" timestamp="24 Jan 2019 00:52:35 GMT" time="28.064" errors="0">
  <testcase name="Test01_createComputerWithAllFields" time="1.67" classname="com.automation.tests.CreateComputersTest"/>
  <testcase name="Test01_updateComputerWithAllFields" time="11.052" classname="com.automation.tests.UpdateComputersTest"/>
  <testcase name="Test01_deleteComputer" time="6.276" classname="com.automation.tests.DeleteComputersTest"/>
  <testcase name="Test01_computerNameError" time="1.773" classname="com.automation.tests.NegativeTests"/>
</testsuite> <!-- Regression suite 1 -->
