<?xml version="1.0" encoding="UTF-8"?>
<!-- Generated by org.testng.reporters.JUnitXMLReporter -->
<testsuite hostname="XE-TMAC-AMITKUMAR1" ignored="3" name="Default test" tests="1" failures="0" timestamp="24 Jan 2019 00:44:58 GMT" time="9.882" errors="0">
  <testcase name="Test04_updateComputerAndVerifySucccessMessage" time="7.187" classname="com.automation.tests.UpdateComputersTest"/>
  <testcase name="Test02_updateComputerWithAllFields" time="0.0" classname="com.automation.tests.UpdateComputersTest">
    <ignored/>
  </testcase> <!-- Test02_updateComputerWithAllFields -->
  <testcase name="Test01_updateComputerWithAllFields" time="0.0" classname="com.automation.tests.UpdateComputersTest">
    <ignored/>
  </testcase> <!-- Test01_updateComputerWithAllFields -->
  <testcase name="Test03_updateComputerAndCancelSave" time="0.0" classname="com.automation.tests.UpdateComputersTest">
    <ignored/>
  </testcase> <!-- Test03_updateComputerAndCancelSave -->
</testsuite> <!-- Default test -->
