<?xml version="1.0" encoding="UTF-8"?>
<!-- Generated by org.testng.reporters.JUnitXMLReporter -->
<testsuite hostname="GGN000187848001" ignored="2" name="Test" tests="3" failures="0" timestamp="03 Aug 2019 11:06:28 GMT" time="32.489" errors="0">
  <testcase name="textSearch_Test" time="7.711" classname="com.r1rcm.tests.SearchTest"/>
  <testcase name="textSearch_Test" time="25.21" classname="com.r1rcm.tests.SearchTest2"/>
  <testcase name="navigationToAgileTest" time="7.112" classname="com.r1rcm.tests.SearchTest"/>
  <testcase name="@BeforeSuite makeDBConnection" time="0.0" classname="com.r1rcm.tests.BaseTest">
    <ignored/>
  </testcase> <!-- @BeforeSuite makeDBConnection -->
  <testcase name="@AfterSuite closeDBConnection" time="0.0" classname="com.r1rcm.tests.BaseTest">
    <ignored/>
  </testcase> <!-- @AfterSuite closeDBConnection -->
</testsuite> <!-- Test -->
