<?xml version="1.0" encoding="UTF-8"?>
<!-- Generated by org.testng.reporters.JUnitXMLReporter -->
<testsuite hostname="XE-TMAC-AMITKUMAR1" ignored="0" name="Regression suite 1" tests="4" failures="0" timestamp="24 Jan 2019 01:08:02 GMT" time="32.768" errors="0">
  <testcase name="Test01_createComputerWithAllFields" time="1.719" classname="com.automation.tests.CreateComputersTest"/>
  <testcase name="Test01_updateComputerWithAllFields" time="14.8" classname="com.automation.tests.UpdateComputersTest"/>
  <testcase name="Test01_deleteComputer" time="6.475" classname="com.automation.tests.DeleteComputersTest"/>
  <testcase name="Test01_computerNameError" time="1.658" classname="com.automation.tests.NegativeTests"/>
</testsuite> <!-- Regression suite 1 -->
